0 info it worked if it ends with ok
1 verbose cli [ '/usr/local/bin/node',
1 verbose cli   '/usr/local/bin/npm',
1 verbose cli   'install',
1 verbose cli   '-save',
1 verbose cli   'react-router-boostrap' ]
2 info using npm@3.10.10
3 info using node@v6.9.4
4 silly loadCurrentTree Starting
5 silly install loadCurrentTree
6 silly install readLocalPackageData
7 silly fetchPackageMetaData react-router-boostrap
8 silly fetchNamedPackageData react-router-boostrap
9 silly mapToRegistry name react-router-boostrap
10 silly mapToRegistry using default registry
11 silly mapToRegistry registry https://registry.npmjs.org/
12 silly mapToRegistry data Result {
12 silly mapToRegistry   raw: 'react-router-boostrap',
12 silly mapToRegistry   scope: null,
12 silly mapToRegistry   escapedName: 'react-router-boostrap',
12 silly mapToRegistry   name: 'react-router-boostrap',
12 silly mapToRegistry   rawSpec: '',
12 silly mapToRegistry   spec: 'latest',
12 silly mapToRegistry   type: 'tag' }
13 silly mapToRegistry uri https://registry.npmjs.org/react-router-boostrap
14 verbose request uri https://registry.npmjs.org/react-router-boostrap
15 verbose request no auth needed
16 info attempt registry request try #1 at 2:35:45 PM
17 verbose request id e1e565257f2dfcd0
18 http request GET https://registry.npmjs.org/react-router-boostrap
19 http 200 https://registry.npmjs.org/react-router-boostrap
20 verbose headers { server: 'nginx/1.10.1',
20 verbose headers   'content-type': 'application/json',
20 verbose headers   'last-modified': 'Tue, 05 Aug 2014 12:31:02 GMT',
20 verbose headers   etag: 'W/"53e0ce86-1ee"',
20 verbose headers   'content-encoding': 'gzip',
20 verbose headers   'cache-control': 'max-age=300',
20 verbose headers   'content-length': '277',
20 verbose headers   'accept-ranges': 'bytes',
20 verbose headers   date: 'Tue, 28 Feb 2017 20:35:45 GMT',
20 verbose headers   via: '1.1 varnish',
20 verbose headers   age: '0',
20 verbose headers   connection: 'keep-alive',
20 verbose headers   'x-served-by': 'cache-dfw1840-DFW',
20 verbose headers   'x-cache': 'MISS',
20 verbose headers   'x-cache-hits': '0',
20 verbose headers   'x-timer': 'S1488314145.674833,VS0,VE66',
20 verbose headers   vary: 'Accept-Encoding' }
21 silly get cb [ 200,
21 silly get   { server: 'nginx/1.10.1',
21 silly get     'content-type': 'application/json',
21 silly get     'last-modified': 'Tue, 05 Aug 2014 12:31:02 GMT',
21 silly get     etag: 'W/"53e0ce86-1ee"',
21 silly get     'content-encoding': 'gzip',
21 silly get     'cache-control': 'max-age=300',
21 silly get     'content-length': '277',
21 silly get     'accept-ranges': 'bytes',
21 silly get     date: 'Tue, 28 Feb 2017 20:35:45 GMT',
21 silly get     via: '1.1 varnish',
21 silly get     age: '0',
21 silly get     connection: 'keep-alive',
21 silly get     'x-served-by': 'cache-dfw1840-DFW',
21 silly get     'x-cache': 'MISS',
21 silly get     'x-cache-hits': '0',
21 silly get     'x-timer': 'S1488314145.674833,VS0,VE66',
21 silly get     vary: 'Accept-Encoding' } ]
22 verbose get saving react-router-boostrap to /Users/ForrestMac/.npm/registry.npmjs.org/react-router-boostrap/.cache.json
23 verbose correctMkdir /Users/ForrestMac/.npm correctMkdir not in flight; initializing
24 verbose stack TypeError: Cannot convert undefined or null to object
24 verbose stack     at pickVersionFromRegistryDocument (/usr/local/lib/node_modules/npm/lib/fetch-package-metadata.js:125:29)
24 verbose stack     at /usr/local/lib/node_modules/npm/node_modules/iferr/index.js:13:50
24 verbose stack     at /usr/local/lib/node_modules/npm/lib/utils/pulse-till-done.js:20:8
24 verbose stack     at saved (/usr/local/lib/node_modules/npm/lib/cache/caching-client.js:174:7)
24 verbose stack     at /usr/local/lib/node_modules/npm/node_modules/graceful-fs/polyfills.js:241:18
24 verbose stack     at FSReqWrap.oncomplete (fs.js:123:15)
25 verbose cwd /Users/ForrestMac/Desktop/commonground
26 error Darwin 16.1.0
27 error argv "/usr/local/bin/node" "/usr/local/bin/npm" "install" "-save" "react-router-boostrap"
28 error node v6.9.4
29 error npm  v3.10.10
30 error Cannot convert undefined or null to object
31 error If you need help, you may report this error at:
31 error     <https://github.com/npm/npm/issues>
32 verbose exit [ 1, true ]
